<?xml version="1.0" encoding="UTF-8"?>
<robot generator="Robot 5.0.1 (Python 3.10.6 on win32)" generated="20221116 13:13:03.897" rpa="false" schemaversion="3">
<suite id="s1" name="MyCustomLibraries ComSelenium" source="C:\curosoRobot\CursoAvancado\MyCustomLibraries_ComSelenium">
<suite id="s1-s1" name="MyCustomLibraries" source="C:\curosoRobot\CursoAvancado\MyCustomLibraries_ComSelenium\MyCustomLibraries">
<suite id="s1-s1-s1" name="myLibrary" source="C:\curosoRobot\CursoAvancado\MyCustomLibraries_ComSelenium\MyCustomLibraries\myLibrary.robot">
<test id="s1-s1-s1-t1" name="Teste de conversão de string para HASH sha256" line="7">
<kw name="Converter &quot;Estou ficando ninja em Robot Framework!!&quot; para sha256" sourcename="Converter &quot;${CONTEUDO}&quot; para sha256">
<kw name="Gerar Hash" library="geradorHash">
<var>${CONTEUDO_HASH}</var>
<arg>${CONTEUDO}</arg>
<msg timestamp="20221116 13:13:03.938" level="INFO">Conteúdo: Estou ficando ninja em Robot Framework!!
Hash gerado: 6526496e1589bb11988c5fd1051d8927a1160b1c3da51ca93ff6e2eab6ecfa38</msg>
<msg timestamp="20221116 13:13:03.938" level="INFO">${CONTEUDO_HASH} = 6526496e1589bb11988c5fd1051d8927a1160b1c3da51ca93ff6e2eab6ecfa38</msg>
<status status="PASS" starttime="20221116 13:13:03.937" endtime="20221116 13:13:03.938"/>
</kw>
<kw name="Log" library="BuiltIn">
<arg>${CONTEUDO_HASH}</arg>
<doc>Logs the given message with the given level.</doc>
<msg timestamp="20221116 13:13:03.939" level="INFO">6526496e1589bb11988c5fd1051d8927a1160b1c3da51ca93ff6e2eab6ecfa38</msg>
<status status="PASS" starttime="20221116 13:13:03.939" endtime="20221116 13:13:03.939"/>
</kw>
<status status="PASS" starttime="20221116 13:13:03.935" endtime="20221116 13:13:03.939"/>
</kw>
<kw name="Close Browser" type="TEARDOWN">
<msg timestamp="20221116 13:13:03.942" level="FAIL">No keyword with name 'Close Browser' found.</msg>
<status status="FAIL" starttime="20221116 13:13:03.941" endtime="20221116 13:13:03.942">No keyword with name 'Close Browser' found.</status>
</kw>
<status status="FAIL" starttime="20221116 13:13:03.934" endtime="20221116 13:13:03.945">Teardown failed:
No keyword with name 'Close Browser' found.</status>
</test>
<test id="s1-s1-s1-t2" name="Teste de conversão de arquivo para HASH sha256" line="10">
<kw name="Converter o arquivo &quot;arquivo_PDF.pdf&quot; para sha256" sourcename="Converter o arquivo &quot;${FILE}&quot; para sha256">
<kw name="Gerar Hash Arquivo" library="geradorHash">
<var>${CONTEUDO_HASH}</var>
<arg>./${FILE}</arg>
<msg timestamp="20221116 13:13:03.949" level="INFO">Arquivo: ./arquivo_PDF.pdf</msg>
<msg timestamp="20221116 13:13:03.949" level="FAIL">FileNotFoundError: [Errno 2] No such file or directory: './arquivo_PDF.pdf'</msg>
<status status="FAIL" starttime="20221116 13:13:03.948" endtime="20221116 13:13:03.953"/>
</kw>
<kw name="Log" library="BuiltIn">
<arg>${CONTEUDO_HASH}</arg>
<doc>Logs the given message with the given level.</doc>
<status status="NOT RUN" starttime="20221116 13:13:03.953" endtime="20221116 13:13:03.953"/>
</kw>
<status status="FAIL" starttime="20221116 13:13:03.948" endtime="20221116 13:13:03.954"/>
</kw>
<kw name="Close Browser" type="TEARDOWN">
<msg timestamp="20221116 13:13:03.957" level="FAIL">No keyword with name 'Close Browser' found.</msg>
<status status="FAIL" starttime="20221116 13:13:03.957" endtime="20221116 13:13:03.957">No keyword with name 'Close Browser' found.</status>
</kw>
<status status="FAIL" starttime="20221116 13:13:03.947" endtime="20221116 13:13:03.958">FileNotFoundError: [Errno 2] No such file or directory: './arquivo_PDF.pdf'

Also teardown failed:
No keyword with name 'Close Browser' found.</status>
</test>
<test id="s1-s1-s1-t3" name="Teste minha SeleniumLibrary" line="13">
<kw name="Abrir meu browser">
<kw name="My Open Browser">
<arg>http://www.robotframework.org</arg>
<arg>chrome</arg>
<msg timestamp="20221116 13:13:03.964" level="FAIL">No keyword with name 'My Open Browser' found.</msg>
<status status="FAIL" starttime="20221116 13:13:03.964" endtime="20221116 13:13:03.964"/>
</kw>
<status status="FAIL" starttime="20221116 13:13:03.961" endtime="20221116 13:13:03.965"/>
</kw>
<kw name="Close Browser" type="TEARDOWN">
<msg timestamp="20221116 13:13:03.966" level="FAIL">No keyword with name 'Close Browser' found.</msg>
<status status="FAIL" starttime="20221116 13:13:03.966" endtime="20221116 13:13:03.966">No keyword with name 'Close Browser' found.</status>
</kw>
<status status="FAIL" starttime="20221116 13:13:03.960" endtime="20221116 13:13:03.967">No keyword with name 'My Open Browser' found.

Also teardown failed:
No keyword with name 'Close Browser' found.</status>
</test>
<status status="FAIL" starttime="20221116 13:13:03.925" endtime="20221116 13:13:03.973"/>
</suite>
<status status="FAIL" starttime="20221116 13:13:03.920" endtime="20221116 13:13:03.975"/>
</suite>
<status status="FAIL" starttime="20221116 13:13:03.898" endtime="20221116 13:13:03.977"/>
</suite>
<statistics>
<total>
<stat pass="0" fail="3" skip="0">All Tests</stat>
</total>
<tag>
</tag>
<suite>
<stat pass="0" fail="3" skip="0" id="s1" name="MyCustomLibraries ComSelenium">MyCustomLibraries ComSelenium</stat>
<stat pass="0" fail="3" skip="0" id="s1-s1" name="MyCustomLibraries">MyCustomLibraries ComSelenium.MyCustomLibraries</stat>
<stat pass="0" fail="3" skip="0" id="s1-s1-s1" name="myLibrary">MyCustomLibraries ComSelenium.MyCustomLibraries.myLibrary</stat>
</suite>
</statistics>
<errors>
<msg timestamp="20221116 13:13:03.931" level="ERROR">Error in file 'C:\curosoRobot\CursoAvancado\MyCustomLibraries_ComSelenium\MyCustomLibraries\myLibrary.robot' on line 3: Importing library 'MyCustomLibrariesLibrariesSeleniumLibrary' failed: ModuleNotFoundError: No module named 'MyCustomLibrariesLibrariesSeleniumLibrary'
Traceback (most recent call last):
  None
PYTHONPATH:
  C:\curosoRobot\CursoAvancado
  C:\Python310\python310.zip
  C:\Python310\DLLs
  C:\Python310\lib
  C:\Python310
  C:\Python310\lib\site-packages</msg>
</errors>
</robot>
